<?xml version="1.0" encoding="UTF-8"?>
<testng-results skipped="0" failed="0" ignored="0" total="3" passed="3">
  <reporter-output>
  </reporter-output>
  <suite name="Suite" duration-ms="14667" started-at="2021-01-21T20:06:35 CET" finished-at="2021-01-21T20:06:49 CET">
    <groups>
    </groups>
    <test name="Test" duration-ms="14667" started-at="2021-01-21T20:06:35 CET" finished-at="2021-01-21T20:06:49 CET">
      <class name="userTest.Tests">
        <test-method status="PASS" signature="setUp()[pri:0, instance:userTest.Tests@389adf1d]" name="setUp" is-config="true" duration-ms="8346" started-at="2021-01-21T20:06:35 CET" finished-at="2021-01-21T20:06:43 CET">
          <reporter-output>
          </reporter-output>
        </test-method> <!-- setUp -->
        <test-method status="PASS" signature="bannerPresence()[pri:1, instance:userTest.Tests@389adf1d]" name="bannerPresence" duration-ms="112" started-at="2021-01-21T20:06:43 CET" description="Verify Banner presence on Home Page" finished-at="2021-01-21T20:06:43 CET">
          <reporter-output>
          </reporter-output>
        </test-method> <!-- bannerPresence -->
        <test-method status="PASS" signature="loginTest()[pri:2, instance:userTest.Tests@389adf1d]" name="loginTest" duration-ms="3809" started-at="2021-01-21T20:06:43 CET" description="Verify login" finished-at="2021-01-21T20:06:47 CET">
          <reporter-output>
          </reporter-output>
        </test-method> <!-- loginTest -->
        <test-method status="PASS" signature="registrationTest()[pri:3, instance:userTest.Tests@389adf1d]" name="registrationTest" duration-ms="1559" started-at="2021-01-21T20:06:47 CET" description="Verify user Registration" finished-at="2021-01-21T20:06:49 CET">
          <reporter-output>
          </reporter-output>
        </test-method> <!-- registrationTest -->
        <test-method status="PASS" signature="tearDown()[pri:0, instance:userTest.Tests@389adf1d]" name="tearDown" is-config="true" duration-ms="697" started-at="2021-01-21T20:06:49 CET" finished-at="2021-01-21T20:06:49 CET">
          <reporter-output>
          </reporter-output>
        </test-method> <!-- tearDown -->
      </class> <!-- userTest.Tests -->
    </test> <!-- Test -->
  </suite> <!-- Suite -->
</testng-results>
