<?xml version="1.0" encoding="UTF-8"?>
<!-- Generated by org.testng.reporters.JUnitXMLReporter -->
<testsuite hostname="DESKTOP-L0UD9RM" ignored="0" name="Test" tests="3" failures="0" timestamp="2021-01-21T20:06:49 CET" time="14.667" errors="0">
  <testcase name="bannerPresence" time="0.112" classname="userTest.Tests"/>
  <testcase name="loginTest" time="3.809" classname="userTest.Tests"/>
  <testcase name="registrationTest" time="1.559" classname="userTest.Tests"/>
</testsuite> <!-- Test -->
