<?xml version="1.0" encoding="UTF-8"?>
<!-- Generated by org.testng.reporters.JUnitXMLReporter -->
<testsuite hostname="DESKTOP-L0UD9RM" ignored="0" name="Test" tests="3" failures="0" timestamp="2021-01-19T19:31:02 CET" time="15.874" errors="0">
  <testcase name="bannerPresence" time="0.116" classname="userTest.Tests"/>
  <testcase name="loginTest" time="4.405" classname="userTest.Tests"/>
  <testcase name="registrationTest" time="1.547" classname="userTest.Tests"/>
</testsuite> <!-- Test -->
